-------------------------------------------------------------------------------
Test set: com.lyq.SpringbootElasticsearchApplicationTests
-------------------------------------------------------------------------------
Tests run: 12, Failures: 0, Errors: 12, Skipped: 0, Time elapsed: 16.96 s <<< FAILURE! - in com.lyq.SpringbootElasticsearchApplicationTests
testAgg  Time elapsed: 0.558 s  <<< ERROR!
org.elasticsearch.client.transport.NoNodeAvailableException: None of the configured nodes are available: [{#transport#-1}{9D54m7P-TwiU6Nm2F9iMoA}{127.0.0.1}{127.0.0.1:9300}]
	at com.lyq.SpringbootElasticsearchApplicationTests.testAgg(SpringbootElasticsearchApplicationTests.java:182)

delete  Time elapsed: 0.01 s  <<< ERROR!
org.elasticsearch.client.transport.NoNodeAvailableException: None of the configured nodes are available: [{#transport#-1}{9D54m7P-TwiU6Nm2F9iMoA}{127.0.0.1}{127.0.0.1:9300}]
	at com.lyq.SpringbootElasticsearchApplicationTests.delete(SpringbootElasticsearchApplicationTests.java:89)

insert  Time elapsed: 0.097 s  <<< ERROR!
org.elasticsearch.client.transport.NoNodeAvailableException: None of the configured nodes are available: [{#transport#-1}{9D54m7P-TwiU6Nm2F9iMoA}{127.0.0.1}{127.0.0.1:9300}]
	at com.lyq.SpringbootElasticsearchApplicationTests.insert(SpringbootElasticsearchApplicationTests.java:61)

deleteIndex  Time elapsed: 0.004 s  <<< ERROR!
org.elasticsearch.client.transport.NoNodeAvailableException: None of the configured nodes are available: [{#transport#-1}{9D54m7P-TwiU6Nm2F9iMoA}{127.0.0.1}{127.0.0.1:9300}]
	at com.lyq.SpringbootElasticsearchApplicationTests.deleteIndex(SpringbootElasticsearchApplicationTests.java:52)

search  Time elapsed: 0.008 s  <<< ERROR!
org.elasticsearch.client.transport.NoNodeAvailableException: None of the configured nodes are available: [{#transport#-1}{9D54m7P-TwiU6Nm2F9iMoA}{127.0.0.1}{127.0.0.1:9300}]
	at com.lyq.SpringbootElasticsearchApplicationTests.search(SpringbootElasticsearchApplicationTests.java:122)

createIndex  Time elapsed: 0.005 s  <<< ERROR!
org.elasticsearch.client.transport.NoNodeAvailableException: None of the configured nodes are available: [{#transport#-1}{9D54m7P-TwiU6Nm2F9iMoA}{127.0.0.1}{127.0.0.1:9300}]
	at com.lyq.SpringbootElasticsearchApplicationTests.createIndex(SpringbootElasticsearchApplicationTests.java:42)

queryByPriceBetween  Time elapsed: 0.024 s  <<< ERROR!
org.elasticsearch.client.transport.NoNodeAvailableException: None of the configured nodes are available: [{#transport#-1}{9D54m7P-TwiU6Nm2F9iMoA}{127.0.0.1}{127.0.0.1:9300}]
	at com.lyq.SpringbootElasticsearchApplicationTests.queryByPriceBetween(SpringbootElasticsearchApplicationTests.java:108)

searchByPage  Time elapsed: 0.005 s  <<< ERROR!
org.elasticsearch.client.transport.NoNodeAvailableException: None of the configured nodes are available: [{#transport#-1}{9D54m7P-TwiU6Nm2F9iMoA}{127.0.0.1}{127.0.0.1:9300}]
	at com.lyq.SpringbootElasticsearchApplicationTests.searchByPage(SpringbootElasticsearchApplicationTests.java:143)

query  Time elapsed: 0.006 s  <<< ERROR!
org.elasticsearch.client.transport.NoNodeAvailableException: None of the configured nodes are available: [{#transport#-1}{9D54m7P-TwiU6Nm2F9iMoA}{127.0.0.1}{127.0.0.1:9300}]
	at com.lyq.SpringbootElasticsearchApplicationTests.query(SpringbootElasticsearchApplicationTests.java:98)

searchAndSort  Time elapsed: 0.023 s  <<< ERROR!
org.elasticsearch.client.transport.NoNodeAvailableException: None of the configured nodes are available: [{#transport#-1}{9D54m7P-TwiU6Nm2F9iMoA}{127.0.0.1}{127.0.0.1:9300}]
	at com.lyq.SpringbootElasticsearchApplicationTests.searchAndSort(SpringbootElasticsearchApplicationTests.java:164)

insertList  Time elapsed: 0.013 s  <<< ERROR!
org.elasticsearch.client.transport.NoNodeAvailableException: None of the configured nodes are available: [{#transport#-1}{9D54m7P-TwiU6Nm2F9iMoA}{127.0.0.1}{127.0.0.1:9300}]
	at com.lyq.SpringbootElasticsearchApplicationTests.insertList(SpringbootElasticsearchApplicationTests.java:75)

testSubAgg  Time elapsed: 0.004 s  <<< ERROR!
org.elasticsearch.client.transport.NoNodeAvailableException: None of the configured nodes are available: [{#transport#-1}{9D54m7P-TwiU6Nm2F9iMoA}{127.0.0.1}{127.0.0.1:9300}]
	at com.lyq.SpringbootElasticsearchApplicationTests.testSubAgg(SpringbootElasticsearchApplicationTests.java:212)

