<?xml version="1.0" encoding="UTF-8"?>
<testsuite xmlns:xsi="http://www.w3.org/2001/XMLSchema-instance" xsi:noNamespaceSchemaLocation="https://maven.apache.org/surefire/maven-surefire-plugin/xsd/surefire-test-report.xsd" name="com.lyq.SpringbootElasticsearchApplicationTests" time="16.96" tests="12" errors="12" skipped="0" failures="0">
  <properties>
[...]
</properties>
  <testcase name="testAgg" classname="com.lyq.SpringbootElasticsearchApplicationTests" time="0.558">
    <error message="None of the configured nodes are available: [{#transport#-1}{9D54m7P-TwiU6Nm2F9iMoA}{127.0.0.1}{127.0.0.1:9300}]" type="org.elasticsearch.client.transport.NoNodeAvailableException">org.elasticsearch.client.transport.NoNodeAvailableException: None of the configured nodes are available: [{#transport#-1}{9D54m7P-TwiU6Nm2F9iMoA}{127.0.0.1}{127.0.0.1:9300}]
	at com.lyq.SpringbootElasticsearchApplicationTests.testAgg(SpringbootElasticsearchApplicationTests.java:182)
</error>
    <system-out><![CDATA[16:37:47.120 [main] DEBUG org.springframework.test.context.junit4.SpringJUnit4ClassRunner - SpringJUnit4ClassRunner constructor called with [class com.lyq.SpringbootElasticsearchApplicationTests]
16:37:47.126 [main] DEBUG org.springframework.test.context.BootstrapUtils - Instantiating CacheAwareContextLoaderDelegate from class [org.springframework.test.context.cache.DefaultCacheAwareContextLoaderDelegate]
16:37:47.137 [main] DEBUG org.springframework.test.context.BootstrapUtils - Instantiating BootstrapContext using constructor [public org.springframework.test.context.support.DefaultBootstrapContext(java.lang.Class,org.springframework.test.context.CacheAwareContextLoaderDelegate)]
16:37:47.175 [main] DEBUG org.springframework.test.context.BootstrapUtils - Instantiating TestContextBootstrapper for test class [com.lyq.SpringbootElasticsearchApplicationTests] from class [org.springframework.boot.test.context.SpringBootTestContextBootstrapper]
16:37:47.204 [main] INFO org.springframework.boot.test.context.SpringBootTestContextBootstrapper - Neither @ContextConfiguration nor @ContextHierarchy found for test class [com.lyq.SpringbootElasticsearchApplicationTests], using SpringBootContextLoader
16:37:47.209 [main] DEBUG org.springframework.test.context.support.AbstractContextLoader - Did not detect default resource location for test class [com.lyq.SpringbootElasticsearchApplicationTests]: class path resource [com/lyq/SpringbootElasticsearchApplicationTests-context.xml] does not exist
16:37:47.210 [main] DEBUG org.springframework.test.context.support.AbstractContextLoader - Did not detect default resource location for test class [com.lyq.SpringbootElasticsearchApplicationTests]: class path resource [com/lyq/SpringbootElasticsearchApplicationTestsContext.groovy] does not exist
16:37:47.210 [main] INFO org.springframework.test.context.support.AbstractContextLoader - Could not detect default resource locations for test class [com.lyq.SpringbootElasticsearchApplicationTests]: no resource found for suffixes {-context.xml, Context.groovy}.
16:37:47.211 [main] INFO org.springframework.test.context.support.AnnotationConfigContextLoaderUtils - Could not detect default configuration classes for test class [com.lyq.SpringbootElasticsearchApplicationTests]: SpringbootElasticsearchApplicationTests does not declare any static, non-private, non-final, nested classes annotated with @Configuration.
16:37:47.274 [main] DEBUG org.springframework.test.context.support.ActiveProfilesUtils - Could not find an 'annotation declaring class' for annotation type [org.springframework.test.context.ActiveProfiles] and class [com.lyq.SpringbootElasticsearchApplicationTests]
16:37:47.375 [main] DEBUG org.springframework.context.annotation.ClassPathScanningCandidateComponentProvider - Identified candidate component class: file [C:\Software\Java EE workspace\mall-test\mall-elasticsearch\target\classes\com\lyq\Application.class]
16:37:47.376 [main] INFO org.springframework.boot.test.context.SpringBootTestContextBootstrapper - Found @SpringBootConfiguration com.lyq.Application for test class com.lyq.SpringbootElasticsearchApplicationTests
16:37:47.603 [main] DEBUG org.springframework.boot.test.context.SpringBootTestContextBootstrapper - @TestExecutionListeners is not present for class [com.lyq.SpringbootElasticsearchApplicationTests]: using defaults.
16:37:47.605 [main] INFO org.springframework.boot.test.context.SpringBootTestContextBootstrapper - Loaded default TestExecutionListener class names from location [META-INF/spring.factories]: [org.springframework.boot.test.mock.mockito.MockitoTestExecutionListener, org.springframework.boot.test.mock.mockito.ResetMocksTestExecutionListener, org.springframework.boot.test.autoconfigure.restdocs.RestDocsTestExecutionListener, org.springframework.boot.test.autoconfigure.web.client.MockRestServiceServerResetTestExecutionListener, org.springframework.boot.test.autoconfigure.web.servlet.MockMvcPrintOnlyOnFailureTestExecutionListener, org.springframework.boot.test.autoconfigure.web.servlet.WebDriverTestExecutionListener, org.springframework.test.context.web.ServletTestExecutionListener, org.springframework.test.context.support.DirtiesContextBeforeModesTestExecutionListener, org.springframework.test.context.support.DependencyInjectionTestExecutionListener, org.springframework.test.context.support.DirtiesContextTestExecutionListener, org.springframework.test.context.transaction.TransactionalTestExecutionListener, org.springframework.test.context.jdbc.SqlScriptsTestExecutionListener, org.springframework.test.context.event.EventPublishingTestExecutionListener]
16:37:47.643 [main] INFO org.springframework.boot.test.context.SpringBootTestContextBootstrapper - Using TestExecutionListeners: [org.springframework.test.context.web.ServletTestExecutionListener@2af004b, org.springframework.test.context.support.DirtiesContextBeforeModesTestExecutionListener@248e319b, org.springframework.boot.test.mock.mockito.MockitoTestExecutionListener@5d0bf09b, org.springframework.boot.test.autoconfigure.SpringBootDependencyInjectionTestExecutionListener@793f29ff, org.springframework.test.context.support.DirtiesContextTestExecutionListener@3e8c3cb, org.springframework.test.context.transaction.TransactionalTestExecutionListener@563f38c4, org.springframework.test.context.jdbc.SqlScriptsTestExecutionListener@543295b0, org.springframework.test.context.event.EventPublishingTestExecutionListener@54422e18, org.springframework.boot.test.mock.mockito.ResetMocksTestExecutionListener@117159c0, org.springframework.boot.test.autoconfigure.restdocs.RestDocsTestExecutionListener@3e27ba32, org.springframework.boot.test.autoconfigure.web.client.MockRestServiceServerResetTestExecutionListener@7ef82753, org.springframework.boot.test.autoconfigure.web.servlet.MockMvcPrintOnlyOnFailureTestExecutionListener@3b0fe47a, org.springframework.boot.test.autoconfigure.web.servlet.WebDriverTestExecutionListener@202b0582]
16:37:47.656 [main] DEBUG org.springframework.test.annotation.ProfileValueUtils - Retrieved @ProfileValueSourceConfiguration [null] for test class [com.lyq.SpringbootElasticsearchApplicationTests]
16:37:47.657 [main] DEBUG org.springframework.test.annotation.ProfileValueUtils - Retrieved ProfileValueSource type [class org.springframework.test.annotation.SystemProfileValueSource] for class [com.lyq.SpringbootElasticsearchApplicationTests]
16:37:47.694 [main] DEBUG org.springframework.test.context.junit4.SpringJUnit4ClassRunner - SpringJUnit4ClassRunner constructor called with [class com.lyq.SpringbootElasticsearchApplicationTests]
16:37:47.694 [main] DEBUG org.springframework.test.context.BootstrapUtils - Instantiating CacheAwareContextLoaderDelegate from class [org.springframework.test.context.cache.DefaultCacheAwareContextLoaderDelegate]
16:37:47.694 [main] DEBUG org.springframework.test.context.BootstrapUtils - Instantiating BootstrapContext using constructor [public org.springframework.test.context.support.DefaultBootstrapContext(java.lang.Class,org.springframework.test.context.CacheAwareContextLoaderDelegate)]
16:37:47.695 [main] DEBUG org.springframework.test.context.BootstrapUtils - Instantiating TestContextBootstrapper for test class [com.lyq.SpringbootElasticsearchApplicationTests] from class [org.springframework.boot.test.context.SpringBootTestContextBootstrapper]
16:37:47.696 [main] INFO org.springframework.boot.test.context.SpringBootTestContextBootstrapper - Neither @ContextConfiguration nor @ContextHierarchy found for test class [com.lyq.SpringbootElasticsearchApplicationTests], using SpringBootContextLoader
16:37:47.697 [main] DEBUG org.springframework.test.context.support.AbstractContextLoader - Did not detect default resource location for test class [com.lyq.SpringbootElasticsearchApplicationTests]: class path resource [com/lyq/SpringbootElasticsearchApplicationTests-context.xml] does not exist
16:37:47.698 [main] DEBUG org.springframework.test.context.support.AbstractContextLoader - Did not detect default resource location for test class [com.lyq.SpringbootElasticsearchApplicationTests]: class path resource [com/lyq/SpringbootElasticsearchApplicationTestsContext.groovy] does not exist
16:37:47.698 [main] INFO org.springframework.test.context.support.AbstractContextLoader - Could not detect default resource locations for test class [com.lyq.SpringbootElasticsearchApplicationTests]: no resource found for suffixes {-context.xml, Context.groovy}.
16:37:47.698 [main] INFO org.springframework.test.context.support.AnnotationConfigContextLoaderUtils - Could not detect default configuration classes for test class [com.lyq.SpringbootElasticsearchApplicationTests]: SpringbootElasticsearchApplicationTests does not declare any static, non-private, non-final, nested classes annotated with @Configuration.
16:37:47.702 [main] DEBUG org.springframework.test.context.support.ActiveProfilesUtils - Could not find an 'annotation declaring class' for annotation type [org.springframework.test.context.ActiveProfiles] and class [com.lyq.SpringbootElasticsearchApplicationTests]
16:37:47.703 [main] INFO org.springframework.boot.test.context.SpringBootTestContextBootstrapper - Found @SpringBootConfiguration com.lyq.Application for test class com.lyq.SpringbootElasticsearchApplicationTests
16:37:47.707 [main] DEBUG org.springframework.boot.test.context.SpringBootTestContextBootstrapper - @TestExecutionListeners is not present for class [com.lyq.SpringbootElasticsearchApplicationTests]: using defaults.
16:37:47.708 [main] INFO org.springframework.boot.test.context.SpringBootTestContextBootstrapper - Loaded default TestExecutionListener class names from location [META-INF/spring.factories]: [org.springframework.boot.test.mock.mockito.MockitoTestExecutionListener, org.springframework.boot.test.mock.mockito.ResetMocksTestExecutionListener, org.springframework.boot.test.autoconfigure.restdocs.RestDocsTestExecutionListener, org.springframework.boot.test.autoconfigure.web.client.MockRestServiceServerResetTestExecutionListener, org.springframework.boot.test.autoconfigure.web.servlet.MockMvcPrintOnlyOnFailureTestExecutionListener, org.springframework.boot.test.autoconfigure.web.servlet.WebDriverTestExecutionListener, org.springframework.test.context.web.ServletTestExecutionListener, org.springframework.test.context.support.DirtiesContextBeforeModesTestExecutionListener, org.springframework.test.context.support.DependencyInjectionTestExecutionListener, org.springframework.test.context.support.DirtiesContextTestExecutionListener, org.springframework.test.context.transaction.TransactionalTestExecutionListener, org.springframework.test.context.jdbc.SqlScriptsTestExecutionListener, org.springframework.test.context.event.EventPublishingTestExecutionListener]
16:37:47.708 [main] INFO org.springframework.boot.test.context.SpringBootTestContextBootstrapper - Using TestExecutionListeners: [org.springframework.test.context.web.ServletTestExecutionListener@536f2a7e, org.springframework.test.context.support.DirtiesContextBeforeModesTestExecutionListener@72bc6553, org.springframework.boot.test.mock.mockito.MockitoTestExecutionListener@66982506, org.springframework.boot.test.autoconfigure.SpringBootDependencyInjectionTestExecutionListener@70cf32e3, org.springframework.test.context.support.DirtiesContextTestExecutionListener@5a59ca5e, org.springframework.test.context.transaction.TransactionalTestExecutionListener@4bdeaabb, org.springframework.test.context.jdbc.SqlScriptsTestExecutionListener@6c4906d3, org.springframework.test.context.event.EventPublishingTestExecutionListener@65987993, org.springframework.boot.test.mock.mockito.ResetMocksTestExecutionListener@71075444, org.springframework.boot.test.autoconfigure.restdocs.RestDocsTestExecutionListener@4f32a3ad, org.springframework.boot.test.autoconfigure.web.client.MockRestServiceServerResetTestExecutionListener@6b695b06, org.springframework.boot.test.autoconfigure.web.servlet.MockMvcPrintOnlyOnFailureTestExecutionListener@4d1bf319, org.springframework.boot.test.autoconfigure.web.servlet.WebDriverTestExecutionListener@6f53b8a]
16:37:47.708 [main] DEBUG org.springframework.test.annotation.ProfileValueUtils - Retrieved @ProfileValueSourceConfiguration [null] for test class [com.lyq.SpringbootElasticsearchApplicationTests]
16:37:47.709 [main] DEBUG org.springframework.test.annotation.ProfileValueUtils - Retrieved ProfileValueSource type [class org.springframework.test.annotation.SystemProfileValueSource] for class [com.lyq.SpringbootElasticsearchApplicationTests]
16:37:47.787 [main] DEBUG org.springframework.test.annotation.ProfileValueUtils - Retrieved @ProfileValueSourceConfiguration [null] for test class [com.lyq.SpringbootElasticsearchApplicationTests]
16:37:47.788 [main] DEBUG org.springframework.test.annotation.ProfileValueUtils - Retrieved ProfileValueSource type [class org.springframework.test.annotation.SystemProfileValueSource] for class [com.lyq.SpringbootElasticsearchApplicationTests]
16:37:47.792 [main] DEBUG org.springframework.test.annotation.ProfileValueUtils - Retrieved @ProfileValueSourceConfiguration [null] for test class [com.lyq.SpringbootElasticsearchApplicationTests]
16:37:47.793 [main] DEBUG org.springframework.test.annotation.ProfileValueUtils - Retrieved ProfileValueSource type [class org.springframework.test.annotation.SystemProfileValueSource] for class [com.lyq.SpringbootElasticsearchApplicationTests]
16:37:47.793 [main] DEBUG org.springframework.test.annotation.ProfileValueUtils - Retrieved @ProfileValueSourceConfiguration [null] for test class [com.lyq.SpringbootElasticsearchApplicationTests]
16:37:47.793 [main] DEBUG org.springframework.test.annotation.ProfileValueUtils - Retrieved ProfileValueSource type [class org.springframework.test.annotation.SystemProfileValueSource] for class [com.lyq.SpringbootElasticsearchApplicationTests]
16:37:47.801 [main] DEBUG org.springframework.test.context.support.AbstractDirtiesContextTestExecutionListener - Before test class: context [DefaultTestContext@81d9a72 testClass = SpringbootElasticsearchApplicationTests, testInstance = [null], testMethod = [null], testException = [null], mergedContextConfiguration = [WebMergedContextConfiguration@747f281 testClass = SpringbootElasticsearchApplicationTests, locations = '{}', classes = '{class com.lyq.Application}', contextInitializerClasses = '[]', activeProfiles = '{}', propertySourceLocations = '{}', propertySourceProperties = '{org.springframework.boot.test.context.SpringBootTestContextBootstrapper=true}', contextCustomizers = set[org.springframework.boot.test.context.filter.ExcludeFilterContextCustomizer@22a637e7, org.springframework.boot.test.json.DuplicateJsonObjectContextCustomizerFactory$DuplicateJsonObjectContextCustomizer@659a969b, org.springframework.boot.test.mock.mockito.MockitoContextCustomizer@0, org.springframework.boot.test.web.client.TestRestTemplateContextCustomizer@34b7ac2f, org.springframework.boot.test.autoconfigure.properties.PropertyMappingContextCustomizer@0, org.springframework.boot.test.autoconfigure.web.servlet.WebDriverContextCustomizerFactory$Customizer@1817d444], resourceBasePath = 'src/main/webapp', contextLoader = 'org.springframework.boot.test.context.SpringBootContextLoader', parent = [null]], attributes = map['org.springframework.test.context.web.ServletTestExecutionListener.activateListener' -> true]], class annotated with @DirtiesContext [false] with mode [null].
16:37:47.804 [main] DEBUG org.springframework.test.annotation.ProfileValueUtils - Retrieved @ProfileValueSourceConfiguration [null] for test class [com.lyq.SpringbootElasticsearchApplicationTests]
16:37:47.804 [main] DEBUG org.springframework.test.annotation.ProfileValueUtils - Retrieved ProfileValueSource type [class org.springframework.test.annotation.SystemProfileValueSource] for class [com.lyq.SpringbootElasticsearchApplicationTests]
16:37:47.846 [main] DEBUG org.springframework.test.context.support.TestPropertySourceUtils - Adding inlined properties to environment: {spring.jmx.enabled=false, org.springframework.boot.test.context.SpringBootTestContextBootstrapper=true, server.port=-1}
2020-01-13 16:37:48.199  INFO 1212 --- [           main] c.a.dubbo.common.logger.LoggerFactory    : using logger: com.alibaba.dubbo.common.logger.slf4j.Slf4jLoggerAdapter

  ████████▄  ███    █▄  ?█████████▄  ?█████████▄   ▄██████▄  
  ███   ?███ ███    ███   ███    ███   ███    ███ ███    ███ 
  ███    ███ ███    ███   ███    ███   ███    ███ ███    ███ 
  ███    ███ ███    ███  ▄███▄▄▄██?   ▄███▄▄▄██?  ███    ███ 
  ███    ███ ███    ███ ??███???██▄  ??███???██▄  ███    ███ 
  ███    ███ ███    ███   ███    ██▄   ███    ██▄ ███    ███ 
  ███   ▄███ ███    ███   ███    ███   ███    ███ ███    ███ 
  ████████?  ████████?  ▄█████████?  ▄█████████?   ?██████?  
                                                             

 :: Dubbo ::        (v2.6.0)

  .   ____          _            __ _ _
 /\\ / ___'_ __ _ _(_)_ __  __ _ \ \ \ \
( ( )\___ | '_ | '_| | '_ \/ _` | \ \ \ \
 \\/  ___)| |_)| | | | | || (_| |  ) ) ) )
  '  |____| .__|_| |_|_| |_\__, | / / / /
 =========|_|==============|___/=/_/_/_/
 :: Spring Boot ::        (v2.2.0.RELEASE)

2020-01-13 16:37:48.453  INFO 1212 --- [           main] .SpringbootElasticsearchApplicationTests : Starting SpringbootElasticsearchApplicationTests on LAPTOP-K9P2CRVV with PID 1212 (started by 97938 in C:\Software\Java EE workspace\mall-test\mall-elasticsearch)
2020-01-13 16:37:48.456  INFO 1212 --- [           main] .SpringbootElasticsearchApplicationTests : No active profile set, falling back to default profiles: default
2020-01-13 16:37:50.596  INFO 1212 --- [           main] .s.d.r.c.RepositoryConfigurationDelegate : Bootstrapping Spring Data repositories in DEFAULT mode.
2020-01-13 16:37:50.766  INFO 1212 --- [           main] .s.d.r.c.RepositoryConfigurationDelegate : Finished Spring Data repository scanning in 148ms. Found 1 repository interfaces.
2020-01-13 16:37:50.776  INFO 1212 --- [           main] .s.d.r.c.RepositoryConfigurationDelegate : Bootstrapping Spring Data repositories in DEFAULT mode.
2020-01-13 16:37:50.784  INFO 1212 --- [           main] .s.d.r.c.RepositoryConfigurationDelegate : Finished Spring Data repository scanning in 9ms. Found 0 repository interfaces.
2020-01-13 16:37:53.514  INFO 1212 --- [           main] o.elasticsearch.plugins.PluginsService   : no modules loaded
2020-01-13 16:37:53.516  INFO 1212 --- [           main] o.elasticsearch.plugins.PluginsService   : loaded plugin [org.elasticsearch.index.reindex.ReindexPlugin]
2020-01-13 16:37:53.516  INFO 1212 --- [           main] o.elasticsearch.plugins.PluginsService   : loaded plugin [org.elasticsearch.join.ParentJoinPlugin]
2020-01-13 16:37:53.516  INFO 1212 --- [           main] o.elasticsearch.plugins.PluginsService   : loaded plugin [org.elasticsearch.percolator.PercolatorPlugin]
2020-01-13 16:37:53.516  INFO 1212 --- [           main] o.elasticsearch.plugins.PluginsService   : loaded plugin [org.elasticsearch.script.mustache.MustachePlugin]
2020-01-13 16:37:53.516  INFO 1212 --- [           main] o.elasticsearch.plugins.PluginsService   : loaded plugin [org.elasticsearch.transport.Netty4Plugin]
2020-01-13 16:37:57.374  INFO 1212 --- [           main] o.s.d.e.c.TransportClientFactoryBean     : Adding transport node : 127.0.0.1:9300
2020-01-13 16:38:00.961 ERROR 1212 --- [           main] .d.e.r.s.AbstractElasticsearchRepository : failed to load elasticsearch nodes : org.elasticsearch.client.transport.NoNodeAvailableException: None of the configured nodes are available: [{#transport#-1}{9D54m7P-TwiU6Nm2F9iMoA}{127.0.0.1}{127.0.0.1:9300}]
2020-01-13 16:38:01.470  INFO 1212 --- [           main] o.s.s.concurrent.ThreadPoolTaskExecutor  : Initializing ExecutorService 'applicationTaskExecutor'
2020-01-13 16:38:01.828  WARN 1212 --- [           main] ion$DefaultTemplateResolverConfiguration : Cannot find template location: classpath:/templates/ (please add some templates or check your Thymeleaf configuration)
2020-01-13 16:38:03.718  INFO 1212 --- [           main] o.s.b.a.e.web.EndpointLinksResolver      : Exposing 2 endpoint(s) beneath base path '/actuator'
2020-01-13 16:38:03.833  INFO 1212 --- [           main] .SpringbootElasticsearchApplicationTests : Started SpringbootElasticsearchApplicationTests in 15.967 seconds (JVM running for 17.62)
]]></system-out>
  </testcase>
  <testcase name="delete" classname="com.lyq.SpringbootElasticsearchApplicationTests" time="0.01">
    <error message="None of the configured nodes are available: [{#transport#-1}{9D54m7P-TwiU6Nm2F9iMoA}{127.0.0.1}{127.0.0.1:9300}]" type="org.elasticsearch.client.transport.NoNodeAvailableException">org.elasticsearch.client.transport.NoNodeAvailableException: None of the configured nodes are available: [{#transport#-1}{9D54m7P-TwiU6Nm2F9iMoA}{127.0.0.1}{127.0.0.1:9300}]
	at com.lyq.SpringbootElasticsearchApplicationTests.delete(SpringbootElasticsearchApplicationTests.java:89)
</error>
  </testcase>
  <testcase name="insert" classname="com.lyq.SpringbootElasticsearchApplicationTests" time="0.097">
    <error message="None of the configured nodes are available: [{#transport#-1}{9D54m7P-TwiU6Nm2F9iMoA}{127.0.0.1}{127.0.0.1:9300}]" type="org.elasticsearch.client.transport.NoNodeAvailableException">org.elasticsearch.client.transport.NoNodeAvailableException: None of the configured nodes are available: [{#transport#-1}{9D54m7P-TwiU6Nm2F9iMoA}{127.0.0.1}{127.0.0.1:9300}]
	at com.lyq.SpringbootElasticsearchApplicationTests.insert(SpringbootElasticsearchApplicationTests.java:61)
</error>
  </testcase>
  <testcase name="deleteIndex" classname="com.lyq.SpringbootElasticsearchApplicationTests" time="0.004">
    <error message="None of the configured nodes are available: [{#transport#-1}{9D54m7P-TwiU6Nm2F9iMoA}{127.0.0.1}{127.0.0.1:9300}]" type="org.elasticsearch.client.transport.NoNodeAvailableException">org.elasticsearch.client.transport.NoNodeAvailableException: None of the configured nodes are available: [{#transport#-1}{9D54m7P-TwiU6Nm2F9iMoA}{127.0.0.1}{127.0.0.1:9300}]
	at com.lyq.SpringbootElasticsearchApplicationTests.deleteIndex(SpringbootElasticsearchApplicationTests.java:52)
</error>
  </testcase>
  <testcase name="search" classname="com.lyq.SpringbootElasticsearchApplicationTests" time="0.008">
    <error message="None of the configured nodes are available: [{#transport#-1}{9D54m7P-TwiU6Nm2F9iMoA}{127.0.0.1}{127.0.0.1:9300}]" type="org.elasticsearch.client.transport.NoNodeAvailableException">org.elasticsearch.client.transport.NoNodeAvailableException: None of the configured nodes are available: [{#transport#-1}{9D54m7P-TwiU6Nm2F9iMoA}{127.0.0.1}{127.0.0.1:9300}]
	at com.lyq.SpringbootElasticsearchApplicationTests.search(SpringbootElasticsearchApplicationTests.java:122)
</error>
  </testcase>
  <testcase name="createIndex" classname="com.lyq.SpringbootElasticsearchApplicationTests" time="0.005">
    <error message="None of the configured nodes are available: [{#transport#-1}{9D54m7P-TwiU6Nm2F9iMoA}{127.0.0.1}{127.0.0.1:9300}]" type="org.elasticsearch.client.transport.NoNodeAvailableException">org.elasticsearch.client.transport.NoNodeAvailableException: None of the configured nodes are available: [{#transport#-1}{9D54m7P-TwiU6Nm2F9iMoA}{127.0.0.1}{127.0.0.1:9300}]
	at com.lyq.SpringbootElasticsearchApplicationTests.createIndex(SpringbootElasticsearchApplicationTests.java:42)
</error>
  </testcase>
  <testcase name="queryByPriceBetween" classname="com.lyq.SpringbootElasticsearchApplicationTests" time="0.024">
    <error message="None of the configured nodes are available: [{#transport#-1}{9D54m7P-TwiU6Nm2F9iMoA}{127.0.0.1}{127.0.0.1:9300}]" type="org.elasticsearch.client.transport.NoNodeAvailableException">org.elasticsearch.client.transport.NoNodeAvailableException: None of the configured nodes are available: [{#transport#-1}{9D54m7P-TwiU6Nm2F9iMoA}{127.0.0.1}{127.0.0.1:9300}]
	at com.lyq.SpringbootElasticsearchApplicationTests.queryByPriceBetween(SpringbootElasticsearchApplicationTests.java:108)
</error>
  </testcase>
  <testcase name="searchByPage" classname="com.lyq.SpringbootElasticsearchApplicationTests" time="0.005">
    <error message="None of the configured nodes are available: [{#transport#-1}{9D54m7P-TwiU6Nm2F9iMoA}{127.0.0.1}{127.0.0.1:9300}]" type="org.elasticsearch.client.transport.NoNodeAvailableException">org.elasticsearch.client.transport.NoNodeAvailableException: None of the configured nodes are available: [{#transport#-1}{9D54m7P-TwiU6Nm2F9iMoA}{127.0.0.1}{127.0.0.1:9300}]
	at com.lyq.SpringbootElasticsearchApplicationTests.searchByPage(SpringbootElasticsearchApplicationTests.java:143)
</error>
  </testcase>
  <testcase name="query" classname="com.lyq.SpringbootElasticsearchApplicationTests" time="0.006">
    <error message="None of the configured nodes are available: [{#transport#-1}{9D54m7P-TwiU6Nm2F9iMoA}{127.0.0.1}{127.0.0.1:9300}]" type="org.elasticsearch.client.transport.NoNodeAvailableException">org.elasticsearch.client.transport.NoNodeAvailableException: None of the configured nodes are available: [{#transport#-1}{9D54m7P-TwiU6Nm2F9iMoA}{127.0.0.1}{127.0.0.1:9300}]
	at com.lyq.SpringbootElasticsearchApplicationTests.query(SpringbootElasticsearchApplicationTests.java:98)
</error>
  </testcase>
  <testcase name="searchAndSort" classname="com.lyq.SpringbootElasticsearchApplicationTests" time="0.023">
    <error message="None of the configured nodes are available: [{#transport#-1}{9D54m7P-TwiU6Nm2F9iMoA}{127.0.0.1}{127.0.0.1:9300}]" type="org.elasticsearch.client.transport.NoNodeAvailableException">org.elasticsearch.client.transport.NoNodeAvailableException: None of the configured nodes are available: [{#transport#-1}{9D54m7P-TwiU6Nm2F9iMoA}{127.0.0.1}{127.0.0.1:9300}]
	at com.lyq.SpringbootElasticsearchApplicationTests.searchAndSort(SpringbootElasticsearchApplicationTests.java:164)
</error>
  </testcase>
  <testcase name="insertList" classname="com.lyq.SpringbootElasticsearchApplicationTests" time="0.013">
    <error message="None of the configured nodes are available: [{#transport#-1}{9D54m7P-TwiU6Nm2F9iMoA}{127.0.0.1}{127.0.0.1:9300}]" type="org.elasticsearch.client.transport.NoNodeAvailableException">org.elasticsearch.client.transport.NoNodeAvailableException: None of the configured nodes are available: [{#transport#-1}{9D54m7P-TwiU6Nm2F9iMoA}{127.0.0.1}{127.0.0.1:9300}]
	at com.lyq.SpringbootElasticsearchApplicationTests.insertList(SpringbootElasticsearchApplicationTests.java:75)
</error>
  </testcase>
  <testcase name="testSubAgg" classname="com.lyq.SpringbootElasticsearchApplicationTests" time="0.004">
    <error message="None of the configured nodes are available: [{#transport#-1}{9D54m7P-TwiU6Nm2F9iMoA}{127.0.0.1}{127.0.0.1:9300}]" type="org.elasticsearch.client.transport.NoNodeAvailableException">org.elasticsearch.client.transport.NoNodeAvailableException: None of the configured nodes are available: [{#transport#-1}{9D54m7P-TwiU6Nm2F9iMoA}{127.0.0.1}{127.0.0.1:9300}]
	at com.lyq.SpringbootElasticsearchApplicationTests.testSubAgg(SpringbootElasticsearchApplicationTests.java:212)
</error>
  </testcase>
</testsuite>